<?xml version="1.0" encoding="UTF-8"?>
<!-- Generated by org.testng.reporters.JUnitReportReporter -->
<testsuite skipped="0" hostname="DESKTOP-9P1MDVM" name="com.test.jenkins.TestB" tests="4" failures="0" timestamp="15 Nov 2020 11:22:48 GMT" time="0.163" errors="0">
  <testcase name="utkarsh" time="0.023" classname="com.test.jenkins.TestB"/>
  <testcase name="Amit" time="0.042" classname="com.test.jenkins.TestB"/>
  <testcase name="ravi" time="0.033" classname="com.test.jenkins.TestB"/>
  <testcase name="pawan" time="0.065" classname="com.test.jenkins.TestB"/>
</testsuite> <!-- com.test.jenkins.TestB -->
