<?xml version="1.0" encoding="UTF-8"?>
<!-- Generated by org.testng.reporters.JUnitReportReporter -->
<testsuite skipped="0" hostname="DESKTOP-9P1MDVM" name="com.test.jenkins.TestA" tests="3" failures="0" timestamp="15 Nov 2020 11:22:48 GMT" time="0.159" errors="0">
  <testcase name="reena" time="0.082" classname="com.test.jenkins.TestA"/>
  <testcase name="richa" time="0.053" classname="com.test.jenkins.TestA"/>
  <testcase name="sania" time="0.024" classname="com.test.jenkins.TestA"/>
</testsuite> <!-- com.test.jenkins.TestA -->
